  Source.cpp
  affichage.cpp
C:\Users\felix\Documents\ETS\projet_perso\jeuxGrille\jeuxgrille\affichage.h(21,16): warning C4091: 'typedef ' : ignoré à gauche de 'Image' quand aucune variable n'est déclarée
  (compiler le fichier source 'Source.cpp')
  
C:\Users\felix\Documents\ETS\projet_perso\jeuxGrille\jeuxgrille\Source.cpp(86,12): warning C4244: 'argument' : conversion de 'time_t' en 'unsigned int', perte possible de données
C:\Users\felix\Documents\ETS\projet_perso\jeuxGrille\jeuxgrille\Source.cpp(84,6): warning C4101: 'imageVertival' : variable locale non référencée
C:\Users\felix\Documents\ETS\projet_perso\jeuxGrille\jeuxgrille\affichage.h(21,16): warning C4091: 'typedef ' : ignoré à gauche de 'Image' quand aucune variable n'est déclarée
  (compiler le fichier source 'affichage.cpp')
  
C:\Users\felix\Documents\ETS\projet_perso\jeuxGrille\jeuxgrille\affichage.cpp(17,6): warning C4101: 'EmpTab' : variable locale non référencée
C:\Users\felix\Documents\ETS\projet_perso\jeuxGrille\jeuxgrille\affichage.cpp(47,11): warning C4244: 'initialisation' : conversion de 'double' en 'int', perte possible de données
C:\Users\felix\Documents\ETS\projet_perso\jeuxGrille\jeuxgrille\affichage.cpp(65,11): warning C4244: 'initialisation' : conversion de 'double' en 'int', perte possible de données
C:\Users\felix\Documents\ETS\projet_perso\jeuxGrille\jeuxgrille\affichage.cpp(82,11): warning C4244: 'initialisation' : conversion de 'double' en 'int', perte possible de données
C:\Users\felix\Documents\ETS\projet_perso\jeuxGrille\jeuxgrille\affichage.cpp(95,11): warning C4244: 'initialisation' : conversion de 'double' en 'int', perte possible de données
C:\Users\felix\Documents\ETS\projet_perso\jeuxGrille\jeuxgrille\affichage.cpp(167,43): warning C4244: '=' : conversion de 'double' en 'LONG', perte possible de données
C:\Users\felix\Documents\ETS\projet_perso\jeuxGrille\jeuxgrille\affichage.cpp(168,72): warning C4244: '=' : conversion de 'double' en 'LONG', perte possible de données
C:\Users\felix\Documents\ETS\projet_perso\jeuxGrille\jeuxgrille\affichage.cpp(189,11): warning C4018: '<' : incompatibilité signed/unsigned
C:\Users\felix\Documents\ETS\projet_perso\jeuxGrille\jeuxgrille\affichage.cpp(208,82): warning C4244: '=' : conversion de 'double' en 'LONG', perte possible de données
C:\Users\felix\Documents\ETS\projet_perso\jeuxGrille\jeuxgrille\affichage.cpp(209,67): warning C4244: '=' : conversion de 'double' en 'LONG', perte possible de données
C:\Users\felix\Documents\ETS\projet_perso\jeuxGrille\jeuxgrille\affichage.cpp(218,13): warning C4244: 'return' : conversion de 'double' en 'int', perte possible de données
  Génération de code en cours...
  jeuxgrille.vcxproj -> C:\Users\felix\Documents\ETS\projet_perso\jeuxGrille\jeuxgrille\x64\Debug\jeuxgrille.exe
